<?xml version="1.0" encoding="UTF-8"?>
<!-- Generated by org.testng.reporters.JUnitXMLReporter -->
<testsuite ignored="0" hostname="LAPTOP-VIVKSABQ" failures="0" tests="3" name=" EdgeTest" time="17.898" errors="0" timestamp="2024-04-26T15:06:02 IST">
  <testcase classname="Test_Facebook_Functionality.Testng" name="test1" time="0.0">
    <skipped/>
  </testcase> <!-- test1 -->
  <testcase classname="TestNGFacebook.ForgetPassword" name="verifyIDwithinvalidemail" time="0.0">
    <skipped/>
  </testcase> <!-- verifyIDwithinvalidemail -->
  <testcase classname="TestNGFacebook.ForgetPassword" name="verifyIDwithvalidemail" time="0.0">
    <skipped/>
  </testcase> <!-- verifyIDwithvalidemail -->
</testsuite> <!--  EdgeTest -->
